2017-01-23 20:08:00,897 ERROR [main] - Statistics - Statistics file `C:\Users\krasu\.scalaide\statistics` is corrupted. A new one is being created. Corrupted content was:

com.cedarsoftware.util.io.JsonIoException: error parsing JSON value
	at com.cedarsoftware.util.io.JsonReader.readObject(JsonReader.java:529)
	at com.cedarsoftware.util.io.JsonReader.jsonToJava(JsonReader.java:289)
	at com.cedarsoftware.util.io.JsonReader.jsonToJava(JsonReader.java:262)
	at org.scalaide.core.internal.statistics.Statistics.org$scalaide$core$internal$statistics$Statistics$$read(Statistics.scala:74)
	at org.scalaide.core.internal.statistics.Statistics$$anonfun$readStats$1.apply(Statistics.scala:52)
	at org.scalaide.core.internal.statistics.Statistics$$anonfun$readStats$1.apply(Statistics.scala:51)
	at org.scalaide.core.ScalaIdeDataStore$$anonfun$validate$2.apply(ScalaIdeDataStore.scala:59)
	at org.scalaide.util.eclipse.EclipseUtils$$anon$3.run(EclipseUtils.scala:214)
	at org.eclipse.core.runtime.SafeRunner.run(SafeRunner.java:42)
	at org.scalaide.util.eclipse.EclipseUtils$.withSafeRunner(EclipseUtils.scala:210)
	at org.scalaide.core.ScalaIdeDataStore$.validate(ScalaIdeDataStore.scala:58)
	at org.scalaide.core.internal.statistics.Statistics.readStats(Statistics.scala:51)
	at org.scalaide.core.internal.statistics.Statistics.<init>(Statistics.scala:30)
	at org.scalaide.core.internal.ScalaPlugin.stats$lzycompute(ScalaPlugin.scala:135)
	at org.scalaide.core.internal.ScalaPlugin.stats(ScalaPlugin.scala:135)
	at org.scalaide.core.internal.ScalaPlugin.statistics(ScalaPlugin.scala:138)
	at org.scalaide.core.internal.ScalaPlugin.start(ScalaPlugin.scala:109)
	at org.eclipse.osgi.internal.framework.BundleContextImpl$3.run(BundleContextImpl.java:774)
	at org.eclipse.osgi.internal.framework.BundleContextImpl$3.run(BundleContextImpl.java:1)
	at java.security.AccessController.doPrivileged(Native Method)
	at org.eclipse.osgi.internal.framework.BundleContextImpl.startActivator(BundleContextImpl.java:767)
	at org.eclipse.osgi.internal.framework.BundleContextImpl.start(BundleContextImpl.java:724)
	at org.eclipse.osgi.internal.framework.EquinoxBundle.startWorker0(EquinoxBundle.java:932)
	at org.eclipse.osgi.internal.framework.EquinoxBundle$EquinoxModule.startWorker(EquinoxBundle.java:309)
	at org.eclipse.osgi.container.Module.doStart(Module.java:581)
	at org.eclipse.osgi.container.Module.start(Module.java:449)
	at org.eclipse.osgi.framework.util.SecureAction.start(SecureAction.java:470)
	at org.eclipse.osgi.internal.hooks.EclipseLazyStarter.postFindLocalClass(EclipseLazyStarter.java:107)
	at org.eclipse.osgi.internal.loader.classpath.ClasspathManager.findLocalClass(ClasspathManager.java:529)
	at org.eclipse.osgi.internal.loader.ModuleClassLoader.findLocalClass(ModuleClassLoader.java:325)
	at org.eclipse.osgi.internal.loader.BundleLoader.findLocalClass(BundleLoader.java:345)
	at org.eclipse.osgi.internal.loader.BundleLoader.findClassInternal(BundleLoader.java:423)
	at org.eclipse.osgi.internal.loader.BundleLoader.findClass(BundleLoader.java:372)
	at org.eclipse.osgi.internal.loader.BundleLoader.findClass(BundleLoader.java:364)
	at org.eclipse.osgi.internal.loader.ModuleClassLoader.loadClass(ModuleClassLoader.java:161)
	at java.lang.ClassLoader.loadClass(Unknown Source)
	at org.eclipse.osgi.internal.framework.EquinoxBundle.loadClass(EquinoxBundle.java:564)
	at org.eclipse.core.internal.registry.osgi.RegistryStrategyOSGI.createExecutableExtension(RegistryStrategyOSGI.java:174)
	at org.eclipse.core.internal.registry.ExtensionRegistry.createExecutableExtension(ExtensionRegistry.java:905)
	at org.eclipse.core.internal.registry.ConfigurationElement.createExecutableExtension(ConfigurationElement.java:243)
	at org.eclipse.core.internal.registry.ConfigurationElementHandle.createExecutableExtension(ConfigurationElementHandle.java:55)
	at org.eclipse.ui.internal.registry.PerspectiveDescriptor.createFactory(PerspectiveDescriptor.java:75)
	at org.eclipse.ui.internal.WorkbenchPage.createPerspective(WorkbenchPage.java:4159)
	at org.eclipse.ui.internal.WorkbenchPage.setPerspective(WorkbenchPage.java:4068)
	at org.eclipse.ui.internal.WorkbenchWindow.setup(WorkbenchWindow.java:738)
	at sun.reflect.NativeMethodAccessorImpl.invoke0(Native Method)
	at sun.reflect.NativeMethodAccessorImpl.invoke(Unknown Source)
	at sun.reflect.DelegatingMethodAccessorImpl.invoke(Unknown Source)
	at java.lang.reflect.Method.invoke(Unknown Source)
	at org.eclipse.e4.core.internal.di.MethodRequestor.execute(MethodRequestor.java:55)
	at org.eclipse.e4.core.internal.di.InjectorImpl.processAnnotated(InjectorImpl.java:966)
	at org.eclipse.e4.core.internal.di.InjectorImpl.inject(InjectorImpl.java:151)
	at org.eclipse.e4.core.internal.di.InjectorImpl.inject(InjectorImpl.java:118)
	at org.eclipse.e4.core.contexts.ContextInjectionFactory.inject(ContextInjectionFactory.java:73)
	at org.eclipse.ui.internal.Workbench.createWorkbenchWindow(Workbench.java:1525)
	at org.eclipse.ui.internal.Workbench.getActiveWorkbenchWindow(Workbench.java:1499)
	at org.eclipse.ui.internal.services.WorkbenchSourceProvider.updateActiveShell(WorkbenchSourceProvider.java:923)
	at org.eclipse.ui.internal.services.WorkbenchSourceProvider.getCurrentState(WorkbenchSourceProvider.java:117)
	at org.eclipse.ui.internal.services.WorkbenchSourceProvider$6.handleEvent(WorkbenchSourceProvider.java:683)
	at org.eclipse.swt.widgets.EventTable.sendEvent(EventTable.java:84)
	at org.eclipse.swt.widgets.Display.filterEvent(Display.java:1270)
	at org.eclipse.swt.widgets.Widget.sendEvent(Widget.java:1078)
	at org.eclipse.swt.widgets.Widget.sendEvent(Widget.java:1103)
	at org.eclipse.swt.widgets.Widget.sendEvent(Widget.java:1088)
	at org.eclipse.swt.widgets.Decorations.WM_ACTIVATE(Decorations.java:1697)
	at org.eclipse.swt.widgets.Shell.WM_ACTIVATE(Shell.java:2277)
	at org.eclipse.swt.widgets.Control.windowProc(Control.java:4788)
	at org.eclipse.swt.widgets.Canvas.windowProc(Canvas.java:359)
	at org.eclipse.swt.widgets.Decorations.windowProc(Decorations.java:1656)
	at org.eclipse.swt.widgets.Shell.windowProc(Shell.java:2199)
	at org.eclipse.swt.widgets.Display.windowProc(Display.java:5102)
	at org.eclipse.swt.internal.win32.OS.BringWindowToTop(Native Method)
	at org.eclipse.swt.widgets.Decorations.bringToTop(Decorations.java:231)
	at org.eclipse.swt.widgets.Shell.open(Shell.java:1270)
	at org.eclipse.e4.ui.workbench.renderers.swt.WBWRenderer.postProcess(WBWRenderer.java:805)
	at org.eclipse.e4.ui.internal.workbench.swt.PartRenderingEngine.safeCreateGui(PartRenderingEngine.java:669)
	at org.eclipse.e4.ui.internal.workbench.swt.PartRenderingEngine.safeCreateGui(PartRenderingEngine.java:757)
	at org.eclipse.e4.ui.internal.workbench.swt.PartRenderingEngine.access$0(PartRenderingEngine.java:728)
	at org.eclipse.e4.ui.internal.workbench.swt.PartRenderingEngine$2.run(PartRenderingEngine.java:722)
	at org.eclipse.core.runtime.SafeRunner.run(SafeRunner.java:42)
	at org.eclipse.e4.ui.internal.workbench.swt.PartRenderingEngine.createGui(PartRenderingEngine.java:706)
	at org.eclipse.e4.ui.internal.workbench.swt.PartRenderingEngine$4.run(PartRenderingEngine.java:1059)
	at org.eclipse.core.databinding.observable.Realm.runWithDefault(Realm.java:336)
	at org.eclipse.e4.ui.internal.workbench.swt.PartRenderingEngine.run(PartRenderingEngine.java:1022)
	at org.eclipse.e4.ui.internal.workbench.E4Workbench.createAndRunUI(E4Workbench.java:150)
	at org.eclipse.ui.internal.Workbench$5.run(Workbench.java:687)
	at org.eclipse.core.databinding.observable.Realm.runWithDefault(Realm.java:336)
	at org.eclipse.ui.internal.Workbench.createAndRunWorkbench(Workbench.java:604)
	at org.eclipse.ui.PlatformUI.createAndRunWorkbench(PlatformUI.java:148)
	at org.eclipse.ui.internal.ide.application.IDEApplication.start(IDEApplication.java:138)
	at org.eclipse.equinox.internal.app.EclipseAppHandle.run(EclipseAppHandle.java:196)
	at org.eclipse.core.runtime.internal.adaptor.EclipseAppLauncher.runApplication(EclipseAppLauncher.java:134)
	at org.eclipse.core.runtime.internal.adaptor.EclipseAppLauncher.start(EclipseAppLauncher.java:104)
	at org.eclipse.core.runtime.adaptor.EclipseStarter.run(EclipseStarter.java:388)
	at org.eclipse.core.runtime.adaptor.EclipseStarter.run(EclipseStarter.java:243)
	at sun.reflect.NativeMethodAccessorImpl.invoke0(Native Method)
	at sun.reflect.NativeMethodAccessorImpl.invoke(Unknown Source)
	at sun.reflect.DelegatingMethodAccessorImpl.invoke(Unknown Source)
	at java.lang.reflect.Method.invoke(Unknown Source)
	at org.eclipse.equinox.launcher.Main.invokeFramework(Main.java:673)
	at org.eclipse.equinox.launcher.Main.basicRun(Main.java:610)
	at org.eclipse.equinox.launcher.Main.run(Main.java:1519)
Caused by: com.cedarsoftware.util.io.JsonIoException: EOF reached prematurely
	at com.cedarsoftware.util.io.JsonParser.error(JsonParser.java:584)
	at com.cedarsoftware.util.io.JsonParser.readValue(JsonParser.java:278)
	at com.cedarsoftware.util.io.JsonReader.readObject(JsonReader.java:521)
	... 101 more
2017-01-23 20:13:51,286  WARN [ModalContext] - ScalaProject - Project SparkScalaCourse has platform default sourceLevel.
2017-01-23 20:13:51,288  WARN [ModalContext] - ScalaProject - Project SparkScalaCourse runs on platform default installation.
2017-01-23 20:13:51,953  WARN [Worker-8] - ScalaProject - Project SparkScalaCourse has platform default sourceLevel.
2017-01-23 20:13:51,955  WARN [Worker-8] - ScalaProject - Project SparkScalaCourse runs on platform default installation.
2017-01-23 20:15:43,079  WARN [Worker-12] - ScalaProject - Project SparkScalaCourse has platform default sourceLevel.
2017-01-23 20:15:43,084  WARN [Worker-12] - ScalaProject - Project SparkScalaCourse runs on platform default installation.
2017-01-23 20:18:37,837  WARN [Worker-12] - ScalaProject - Project SparkScalaCourse has platform default sourceLevel.
2017-01-23 20:18:37,837  WARN [Worker-12] - ScalaProject - Project SparkScalaCourse runs on platform default installation.
2017-01-23 20:18:38,410  WARN [Java indexing] - ScalaProject - Project SparkScalaCourse has platform default sourceLevel.
2017-01-23 20:18:38,410  WARN [Java indexing] - ScalaProject - Project SparkScalaCourse runs on platform default installation.
2017-01-23 20:18:48,675 ERROR [Text Viewer Hover Presenter] - IScalaPresentationCompiler$ - Ignoring InterruptException
2017-01-23 20:18:48,679 ERROR [Text Viewer Hover Presenter] - IScalaPresentationCompiler$ - Ignoring InterruptException
2017-01-23 20:18:48,680 ERROR [Text Viewer Hover Presenter] - IScalaPresentationCompiler$ - Ignoring InterruptException
2017-01-23 20:18:48,682 ERROR [Text Viewer Hover Presenter] - IScalaPresentationCompiler$ - Ignoring InterruptException
2017-01-23 20:21:17,206  WARN [Worker-16] - ScalaProject - Project SparkScalaCourse has platform default sourceLevel.
2017-01-23 20:21:17,207  WARN [Worker-16] - ScalaProject - Project SparkScalaCourse runs on platform default installation.
2017-01-23 20:21:17,439  WARN [Worker-18] - ScalaProject - Project SparkScalaCourse has platform default sourceLevel.
2017-01-23 20:21:17,440  WARN [Worker-18] - ScalaProject - Project SparkScalaCourse runs on platform default installation.
2017-01-23 20:21:18,152  WARN [org.scalaide.ui.internal.reconciliation.ScalaReconciler] - ScalaProject - Project SparkScalaCourse has platform default sourceLevel.
2017-01-23 20:21:18,152  WARN [org.scalaide.ui.internal.reconciliation.ScalaReconciler] - ScalaProject - Project SparkScalaCourse runs on platform default installation.
2017-01-23 20:26:43,830  WARN [Worker-22] - ScalaProject - Project SparkScalaCourse has platform default sourceLevel.
2017-01-23 20:26:43,831  WARN [Worker-22] - ScalaProject - Project SparkScalaCourse runs on platform default installation.
2017-01-23 21:15:48,232  WARN [ModalContext] - ScalaProject - Project test_ScalaProj01 has platform default sourceLevel.
2017-01-23 21:15:48,233  WARN [ModalContext] - ScalaProject - Project test_ScalaProj01 runs on platform default installation.
2017-01-23 21:15:48,478  WARN [Worker-28] - ScalaProject - Project test_ScalaProj01 has platform default sourceLevel.
2017-01-23 21:15:48,479  WARN [Worker-28] - ScalaProject - Project test_ScalaProj01 runs on platform default installation.
2017-01-23 21:16:24,804  WARN [main] - ScalaProject - Project test_ScalaProj01 has platform default sourceLevel.
2017-01-23 21:16:24,804  WARN [main] - ScalaProject - Project test_ScalaProj01 runs on platform default installation.
2017-01-23 21:16:29,671  WARN [main] - ScalaProject - Project test_ScalaProj01 has platform default sourceLevel.
2017-01-23 21:16:29,671  WARN [main] - ScalaProject - Project test_ScalaProj01 runs on platform default installation.
2017-01-23 21:16:30,062  WARN [Worker-28] - ScalaProject - Project test_ScalaProj01 has platform default sourceLevel.
2017-01-23 21:16:30,062  WARN [Worker-28] - ScalaProject - Project test_ScalaProj01 runs on platform default installation.
2017-01-23 21:17:59,132  WARN [Worker-31] - ScalaProject - Project test_ScalaProj01 has platform default sourceLevel.
2017-01-23 21:17:59,132  WARN [Worker-31] - ScalaProject - Project test_ScalaProj01 runs on platform default installation.
2017-01-23 21:17:59,330  WARN [Worker-32] - ScalaProject - Project test_ScalaProj01 has platform default sourceLevel.
2017-01-23 21:17:59,331  WARN [Worker-32] - ScalaProject - Project test_ScalaProj01 runs on platform default installation.
2017-01-23 21:17:59,763  WARN [org.scalaide.ui.internal.reconciliation.ScalaReconciler] - ScalaProject - Project test_ScalaProj01 has platform default sourceLevel.
2017-01-23 21:17:59,763  WARN [org.scalaide.ui.internal.reconciliation.ScalaReconciler] - ScalaProject - Project test_ScalaProj01 runs on platform default installation.
2017-01-23 21:25:05,734  WARN [Worker-28] - ScalaProject - Project test_ScalaProj01 has platform default sourceLevel.
2017-01-23 21:25:05,735  WARN [Worker-28] - ScalaProject - Project test_ScalaProj01 runs on platform default installation.
2017-01-23 21:25:30,189  WARN [Worker-38] - ScalaProject - Project test_ScalaProj01 has platform default sourceLevel.
2017-01-23 21:25:30,189  WARN [Worker-38] - ScalaProject - Project test_ScalaProj01 runs on platform default installation.
2017-01-23 21:25:41,826  WARN [Worker-39] - ScalaProject - Project test_ScalaProj01 has platform default sourceLevel.
2017-01-23 21:25:41,827  WARN [Worker-39] - ScalaProject - Project test_ScalaProj01 runs on platform default installation.
2017-01-23 23:03:15,161  WARN [Worker-49] - ScalaProject - Project test_ScalaProj01 has platform default sourceLevel.
2017-01-23 23:03:15,162  WARN [Worker-49] - ScalaProject - Project test_ScalaProj01 runs on platform default installation.
2017-01-23 23:06:25,689  WARN [main] - ScalaProject - Project test_ScalaProj01 has platform default sourceLevel.
2017-01-23 23:06:25,689  WARN [main] - ScalaProject - Project test_ScalaProj01 runs on platform default installation.
2017-01-23 23:06:26,249  WARN [Worker-55] - ScalaProject - Project test_ScalaProj01 has platform default sourceLevel.
2017-01-23 23:06:26,249  WARN [Worker-55] - ScalaProject - Project test_ScalaProj01 runs on platform default installation.
2017-01-23 23:08:29,439  WARN [org.scalaide.ui.internal.reconciliation.ScalaReconciler] - TraverserImpl$ - Skipping annotation, position length = 0, position offset = 152
2017-01-23 23:08:29,958  WARN [org.scalaide.ui.internal.reconciliation.ScalaReconciler] - TraverserImpl$ - Skipping annotation, position length = 0, position offset = 152
2017-01-23 23:08:30,472  WARN [org.scalaide.ui.internal.reconciliation.ScalaReconciler] - TraverserImpl$ - Skipping annotation, position length = 0, position offset = 152
2017-01-23 23:08:31,988  WARN [org.scalaide.ui.internal.reconciliation.ScalaReconciler] - TraverserImpl$ - Skipping annotation, position length = 0, position offset = 152
2017-01-23 23:08:33,558  WARN [org.scalaide.ui.internal.reconciliation.ScalaReconciler] - TraverserImpl$ - Skipping annotation, position length = 0, position offset = 155
2017-01-23 23:08:35,684  WARN [org.scalaide.ui.internal.reconciliation.ScalaReconciler] - TraverserImpl$ - Skipping annotation, position length = 0, position offset = 157
2017-01-23 23:08:35,684  WARN [org.scalaide.ui.internal.reconciliation.ScalaReconciler] - TraverserImpl$ - Skipping annotation, position length = 0, position offset = 157
2017-01-23 23:08:36,208  WARN [org.scalaide.ui.internal.reconciliation.ScalaReconciler] - TraverserImpl$ - Skipping annotation, position length = 0, position offset = 157
2017-01-23 23:08:36,211  WARN [org.scalaide.ui.internal.reconciliation.ScalaReconciler] - TraverserImpl$ - Skipping annotation, position length = 0, position offset = 157
2017-01-23 23:08:36,737  WARN [org.scalaide.ui.internal.reconciliation.ScalaReconciler] - TraverserImpl$ - Skipping annotation, position length = 0, position offset = 157
2017-01-23 23:08:36,738  WARN [org.scalaide.ui.internal.reconciliation.ScalaReconciler] - TraverserImpl$ - Skipping annotation, position length = 0, position offset = 157
2017-01-23 23:08:37,777  WARN [org.scalaide.ui.internal.reconciliation.ScalaReconciler] - TraverserImpl$ - Skipping annotation, position length = 0, position offset = 157
2017-01-23 23:08:37,779  WARN [org.scalaide.ui.internal.reconciliation.ScalaReconciler] - TraverserImpl$ - Skipping annotation, position length = 0, position offset = 157
2017-01-23 23:08:39,858  WARN [org.scalaide.ui.internal.reconciliation.ScalaReconciler] - TraverserImpl$ - Skipping annotation, position length = 0, position offset = 160
2017-01-23 23:08:39,859  WARN [org.scalaide.ui.internal.reconciliation.ScalaReconciler] - TraverserImpl$ - Skipping annotation, position length = 0, position offset = 160
2017-01-23 23:08:40,942  WARN [org.scalaide.ui.internal.reconciliation.ScalaReconciler] - TraverserImpl$ - Skipping annotation, position length = 0, position offset = 161
2017-01-23 23:08:40,943  WARN [org.scalaide.ui.internal.reconciliation.ScalaReconciler] - TraverserImpl$ - Skipping annotation, position length = 0, position offset = 161
2017-01-23 23:10:03,201  WARN [Worker-49] - ScalaProject - Project test_ScalaProj01 has platform default sourceLevel.
2017-01-23 23:10:03,201  WARN [Worker-49] - ScalaProject - Project test_ScalaProj01 runs on platform default installation.
2017-01-23 23:11:46,862  WARN [Worker-56] - ScalaProject - Project test_ScalaProj01 has platform default sourceLevel.
2017-01-23 23:11:46,862  WARN [Worker-56] - ScalaProject - Project test_ScalaProj01 runs on platform default installation.
2017-01-23 23:14:57,366  WARN [Worker-49] - ScalaProject - Project test_ScalaProj01 has platform default sourceLevel.
2017-01-23 23:14:57,367  WARN [Worker-49] - ScalaProject - Project test_ScalaProj01 runs on platform default installation.
2017-01-23 23:17:02,332  WARN [Worker-55] - ScalaProject - Project test_ScalaProj01 has platform default sourceLevel.
2017-01-23 23:17:02,332  WARN [Worker-55] - ScalaProject - Project test_ScalaProj01 runs on platform default installation.
2017-01-23 23:17:25,455  WARN [Worker-58] - ScalaProject - Project test_ScalaProj01 has platform default sourceLevel.
2017-01-23 23:17:25,455  WARN [Worker-58] - ScalaProject - Project test_ScalaProj01 runs on platform default installation.
2017-01-25 23:10:27,004  WARN [Worker-62] - ScalaProject - Project test_ScalaProj01 has platform default sourceLevel.
2017-01-25 23:10:27,006  WARN [Worker-62] - ScalaProject - Project test_ScalaProj01 runs on platform default installation.
2017-01-25 23:10:27,649  WARN [org.scalaide.ui.internal.reconciliation.ScalaReconciler] - ScalaProject - Project test_ScalaProj01 has platform default sourceLevel.
2017-01-25 23:10:27,649  WARN [org.scalaide.ui.internal.reconciliation.ScalaReconciler] - ScalaProject - Project test_ScalaProj01 runs on platform default installation.
2017-01-25 23:10:28,821  WARN [org.scalaide.ui.internal.reconciliation.ScalaReconciler] - ImplicitHighlightingPresenter - Timeout while waiting for `askLoadedTyped` during semantic highlighting.
2017-01-25 23:10:29,082  WARN [org.scalaide.ui.internal.reconciliation.ScalaReconciler] - CustomSemanticAction - Timeout while waiting for `askLoadedTyped` during semantic highlighting.
2017-01-25 23:10:29,439  WARN [org.scalaide.ui.internal.reconciliation.ScalaReconciler] - CallByNameParamAtCreationPresenter - Timeout while waiting for `askLoadedTyped` during semantic highlighting.
2017-01-25 23:10:38,368  WARN [Java indexing] - ScalaProject - Project test_ScalaProj01 has platform default sourceLevel.
2017-01-25 23:10:38,368  WARN [Java indexing] - ScalaProject - Project test_ScalaProj01 runs on platform default installation.
2017-01-25 23:10:39,357  WARN [Worker-70] - ScalaProject - Project test_ScalaProj01 has platform default sourceLevel.
2017-01-25 23:10:39,357  WARN [Worker-70] - ScalaProject - Project test_ScalaProj01 runs on platform default installation.
2017-01-25 23:10:43,643  WARN [org.scalaide.ui.internal.reconciliation.ScalaReconciler] - ScalaProject - Project test_ScalaProj01 has platform default sourceLevel.
2017-01-25 23:10:43,643  WARN [org.scalaide.ui.internal.reconciliation.ScalaReconciler] - ScalaProject - Project test_ScalaProj01 runs on platform default installation.
2017-01-25 23:10:44,775  WARN [Worker-69] - ScalaProject - Project test_ScalaProj01 has platform default sourceLevel.
2017-01-25 23:10:44,776  WARN [Worker-69] - ScalaProject - Project test_ScalaProj01 runs on platform default installation.
2017-01-28 00:03:25,966  WARN [main] - ScalaProject - Project test_ScalaProj01 has platform default sourceLevel.
2017-01-28 00:03:25,969  WARN [main] - ScalaProject - Project test_ScalaProj01 runs on platform default installation.
2017-01-28 00:03:25,974  WARN [main] - ScalaProject - Project test_ScalaProj01 has platform default sourceLevel.
2017-01-28 00:03:25,975  WARN [main] - ScalaProject - Project test_ScalaProj01 runs on platform default installation.
2017-01-28 00:03:34,025  WARN [main] - ScalaProject - Project SparkScalaCourse has platform default sourceLevel.
2017-01-28 00:03:34,026  WARN [main] - ScalaProject - Project SparkScalaCourse runs on platform default installation.
2017-01-28 00:05:30,503  WARN [main] - ScalaProject - Project test_ScalaProj01 has platform default sourceLevel.
2017-01-28 00:05:30,504  WARN [main] - ScalaProject - Project test_ScalaProj01 runs on platform default installation.
2017-01-28 00:05:31,891  WARN [Worker-1] - ScalaProject - Project test_ScalaProj01 has platform default sourceLevel.
2017-01-28 00:05:31,899  WARN [Worker-1] - ScalaProject - Project test_ScalaProj01 runs on platform default installation.
2017-01-28 00:05:32,000  WARN [Worker-1] - ScalaProject - Project test_ScalaProj01 has platform default sourceLevel.
2017-01-28 00:05:32,000  WARN [Worker-1] - ScalaProject - Project test_ScalaProj01 runs on platform default installation.
2017-01-28 00:06:50,999  WARN [Worker-4] - ScalaProject - Project test_ScalaProj01 has platform default sourceLevel.
2017-01-28 00:06:51,000  WARN [Worker-4] - ScalaProject - Project test_ScalaProj01 runs on platform default installation.
2017-01-28 18:27:37,471  WARN [main] - ScalaProject - Project test_ScalaProj01 has platform default sourceLevel.
2017-01-28 18:27:37,473  WARN [main] - ScalaProject - Project test_ScalaProj01 runs on platform default installation.
2017-01-28 18:27:37,479  WARN [main] - ScalaProject - Project test_ScalaProj01 has platform default sourceLevel.
2017-01-28 18:27:37,480  WARN [main] - ScalaProject - Project test_ScalaProj01 runs on platform default installation.
2017-01-28 18:27:41,073  WARN [main] - ScalaProject - Project SparkScalaCourse has platform default sourceLevel.
2017-01-28 18:27:41,073  WARN [main] - ScalaProject - Project SparkScalaCourse runs on platform default installation.
2017-01-28 18:27:44,018  WARN [org.scalaide.ui.internal.reconciliation.ScalaReconciler] - ImplicitHighlightingPresenter - Timeout while waiting for `askLoadedTyped` during semantic highlighting.
2017-01-28 18:39:27,377  WARN [ModalContext] - ScalaProject - Project sbtProject01 has platform default sourceLevel.
2017-01-28 18:39:27,377  WARN [ModalContext] - ScalaProject - Project sbtProject01 runs on platform default installation.
2017-01-28 18:39:27,793  WARN [Worker-0] - ScalaProject - Project sbtProject01 has platform default sourceLevel.
2017-01-28 18:39:27,793  WARN [Worker-0] - ScalaProject - Project sbtProject01 runs on platform default installation.
2017-01-28 18:40:21,369  WARN [ModalContext] - ScalaProject - Project sbtProject01 has platform default sourceLevel.
2017-01-28 18:40:21,369  WARN [ModalContext] - ScalaProject - Project sbtProject01 runs on platform default installation.
2017-01-28 18:42:25,483  WARN [Worker-11] - ScalaProject - Project sbtProject has platform default sourceLevel.
2017-01-28 18:42:25,484  WARN [Worker-11] - ScalaProject - Project sbtProject runs on platform default installation.
2017-01-28 18:42:25,508  WARN [Worker-11] - ScalaProject - Project sbtProject has platform default sourceLevel.
2017-01-28 18:42:25,509  WARN [Worker-11] - ScalaProject - Project sbtProject runs on platform default installation.
2017-01-28 19:12:00,786  WARN [Worker-17] - ScalaProject - Project sbtProject has platform default sourceLevel.
2017-01-28 19:12:00,786  WARN [Worker-17] - ScalaProject - Project sbtProject runs on platform default installation.
2017-01-28 19:12:00,974  WARN [Worker-17] - ScalaProject - Project sbtProject has platform default sourceLevel.
2017-01-28 19:12:00,974  WARN [Worker-17] - ScalaProject - Project sbtProject runs on platform default installation.
2017-01-28 19:12:01,232  WARN [Worker-24] - ScalaProject - Project sbtProject has platform default sourceLevel.
2017-01-28 19:12:01,232  WARN [Worker-24] - ScalaProject - Project sbtProject runs on platform default installation.
2017-01-28 19:12:02,704  WARN [Java indexing] - ScalaProject - Project sbtProject has platform default sourceLevel.
2017-01-28 19:12:02,704  WARN [Java indexing] - ScalaProject - Project sbtProject runs on platform default installation.
2017-01-28 19:13:00,837  WARN [Worker-25] - ScalaProject - Project sbtProject has platform default sourceLevel.
2017-01-28 19:13:00,837  WARN [Worker-25] - ScalaProject - Project sbtProject runs on platform default installation.
2017-01-28 19:15:36,719  WARN [Worker-23] - ScalaProject - Project sbtProject has platform default sourceLevel.
2017-01-28 19:15:36,719  WARN [Worker-23] - ScalaProject - Project sbtProject runs on platform default installation.
2017-01-28 19:17:08,455  WARN [main] - ScalaProject - Project SparkScalaCourse has platform default sourceLevel.
2017-01-28 19:17:08,455  WARN [main] - ScalaProject - Project SparkScalaCourse runs on platform default installation.
2017-01-28 19:18:43,720  WARN [Worker-24] - ScalaProject - Project sbtProject has platform default sourceLevel.
2017-01-28 19:18:43,720  WARN [Worker-24] - ScalaProject - Project sbtProject runs on platform default installation.
2017-01-28 19:18:44,436  WARN [org.scalaide.ui.internal.reconciliation.ScalaReconciler] - ScalaProject - Project sbtProject has platform default sourceLevel.
2017-01-28 19:18:44,436  WARN [org.scalaide.ui.internal.reconciliation.ScalaReconciler] - ScalaProject - Project sbtProject runs on platform default installation.
2017-01-28 19:18:52,450  WARN [Java indexing] - ScalaProject - Project sbtProject has platform default sourceLevel.
2017-01-28 19:18:52,450  WARN [Java indexing] - ScalaProject - Project sbtProject runs on platform default installation.
2017-01-28 19:18:52,967  WARN [Worker-26] - ScalaProject - Project sbtProject has platform default sourceLevel.
2017-01-28 19:18:52,967  WARN [Worker-26] - ScalaProject - Project sbtProject runs on platform default installation.
2017-01-28 19:19:30,611  WARN [Worker-22] - ScalaProject - Project sbtProject has platform default sourceLevel.
2017-01-28 19:19:30,611  WARN [Worker-22] - ScalaProject - Project sbtProject runs on platform default installation.
2017-01-28 19:56:16,998  WARN [Worker-34] - ScalaProject - Project sbtProject has platform default sourceLevel.
2017-01-28 19:56:16,998  WARN [Worker-34] - ScalaProject - Project sbtProject runs on platform default installation.
2017-01-28 19:56:17,229  WARN [Worker-35] - ScalaProject - Project sbtProject has platform default sourceLevel.
2017-01-28 19:56:17,245  WARN [Worker-35] - ScalaProject - Project sbtProject runs on platform default installation.
2017-01-28 19:56:17,815  WARN [org.scalaide.ui.internal.reconciliation.ScalaReconciler] - ScalaProject - Project sbtProject has platform default sourceLevel.
2017-01-28 19:56:17,815  WARN [org.scalaide.ui.internal.reconciliation.ScalaReconciler] - ScalaProject - Project sbtProject runs on platform default installation.
2017-01-28 19:56:54,410  WARN [Worker-34] - ScalaProject - Project sbtProject has platform default sourceLevel.
2017-01-28 19:56:54,410  WARN [Worker-34] - ScalaProject - Project sbtProject runs on platform default installation.
2017-01-28 20:27:46,195  WARN [Worker-45] - ScalaProject - Project ParseJSON has platform default sourceLevel.
2017-01-28 20:27:46,197  WARN [Worker-45] - ScalaProject - Project ParseJSON runs on platform default installation.
2017-01-28 20:27:46,198  WARN [Worker-45] - ScalaProject - Project ParseJSON has platform default sourceLevel.
2017-01-28 20:27:46,198  WARN [Worker-45] - ScalaProject - Project ParseJSON runs on platform default installation.
2017-01-28 20:27:46,314  WARN [Worker-45] - ScalaProject - Project ParseJSON has platform default sourceLevel.
2017-01-28 20:27:46,314  WARN [Worker-45] - ScalaProject - Project ParseJSON runs on platform default installation.
2017-01-28 20:27:46,960  WARN [Worker-49] - ScalaProject - Project ParseJSON has platform default sourceLevel.
2017-01-28 20:27:46,960  WARN [Worker-49] - ScalaProject - Project ParseJSON runs on platform default installation.
2017-01-28 20:27:47,530  WARN [Worker-40] - ScalaProject - Project ParseJSON has platform default sourceLevel.
2017-01-28 20:27:47,530  WARN [Worker-40] - ScalaProject - Project ParseJSON runs on platform default installation.
2017-01-28 20:30:12,817  WARN [Worker-41] - ScalaProject - Project ParseJSON has platform default sourceLevel.
2017-01-28 20:30:12,817  WARN [Worker-41] - ScalaProject - Project ParseJSON runs on platform default installation.
2017-02-02 23:14:19,208  WARN [main] - ScalaProject - Project ParseJSON has platform default sourceLevel.
2017-02-02 23:14:19,210  WARN [main] - ScalaProject - Project ParseJSON runs on platform default installation.
2017-02-02 23:14:19,216  WARN [main] - ScalaProject - Project ParseJSON has platform default sourceLevel.
2017-02-02 23:14:19,216  WARN [main] - ScalaProject - Project ParseJSON runs on platform default installation.
2017-02-02 23:14:19,227  WARN [main] - ScalaProject - Project ParseJSON has platform default sourceLevel.
2017-02-02 23:14:19,227  WARN [main] - ScalaProject - Project ParseJSON runs on platform default installation.
2017-02-02 23:14:24,694  WARN [Worker-0] - ScalaProject - Project sbtProject has platform default sourceLevel.
2017-02-02 23:14:24,695  WARN [Worker-0] - ScalaProject - Project sbtProject runs on platform default installation.
2017-02-02 23:14:24,729  WARN [Worker-0] - ScalaProject - Project test_ScalaProj01 has platform default sourceLevel.
2017-02-02 23:14:24,730  WARN [Worker-0] - ScalaProject - Project test_ScalaProj01 runs on platform default installation.
2017-02-02 23:14:24,731  WARN [Worker-0] - ScalaProject - Project SparkScalaCourse has platform default sourceLevel.
2017-02-02 23:14:24,731  WARN [Worker-0] - ScalaProject - Project SparkScalaCourse runs on platform default installation.
2017-02-02 23:20:47,990  WARN [main] - ScalaProject - Project SparkScalaCourse has platform default sourceLevel.
2017-02-02 23:20:47,990  WARN [main] - ScalaProject - Project SparkScalaCourse runs on platform default installation.
2017-02-02 23:40:27,225  WARN [Worker-10] - ScalaProject - Project SparkScalaCourse has platform default sourceLevel.
2017-02-02 23:40:27,225  WARN [Worker-10] - ScalaProject - Project SparkScalaCourse runs on platform default installation.
2017-02-02 23:40:27,261  WARN [Worker-10] - ScalaProject - Project SparkScalaCourse has platform default sourceLevel.
2017-02-02 23:40:27,261  WARN [Worker-10] - ScalaProject - Project SparkScalaCourse runs on platform default installation.
2017-02-02 23:41:58,214  WARN [Worker-7] - ScalaProject - Project SparkScalaCourse has platform default sourceLevel.
2017-02-02 23:41:58,214  WARN [Worker-7] - ScalaProject - Project SparkScalaCourse runs on platform default installation.
2017-02-02 23:41:58,578  WARN [Java indexing] - ScalaProject - Project SparkScalaCourse has platform default sourceLevel.
2017-02-02 23:41:58,578  WARN [Java indexing] - ScalaProject - Project SparkScalaCourse runs on platform default installation.
2017-02-02 23:44:15,311  WARN [Worker-11] - ScalaProject - Project SparkScalaCourse has platform default sourceLevel.
2017-02-02 23:44:15,312  WARN [Worker-11] - ScalaProject - Project SparkScalaCourse runs on platform default installation.
2017-02-02 23:44:15,411  WARN [Worker-14] - ScalaProject - Project SparkScalaCourse has platform default sourceLevel.
2017-02-02 23:44:15,411  WARN [Worker-14] - ScalaProject - Project SparkScalaCourse runs on platform default installation.
2017-02-02 23:44:15,838  WARN [Worker-17] - ScalaProject - Project SparkScalaCourse has platform default sourceLevel.
2017-02-02 23:44:15,838  WARN [Worker-17] - ScalaProject - Project SparkScalaCourse runs on platform default installation.
2017-02-02 23:45:59,588  WARN [Worker-18] - ScalaProject - Project SparkScalaCourse has platform default sourceLevel.
2017-02-02 23:45:59,588  WARN [Worker-18] - ScalaProject - Project SparkScalaCourse runs on platform default installation.
2017-02-02 23:45:59,853  WARN [Worker-16] - ScalaProject - Project SparkScalaCourse has platform default sourceLevel.
2017-02-02 23:45:59,853  WARN [Worker-16] - ScalaProject - Project SparkScalaCourse runs on platform default installation.
2017-02-02 23:45:59,877  WARN [Worker-17] - ScalaProject - Project SparkScalaCourse has platform default sourceLevel.
2017-02-02 23:45:59,877  WARN [Worker-17] - ScalaProject - Project SparkScalaCourse runs on platform default installation.
2017-02-02 23:54:32,934  WARN [Worker-14] - ScalaProject - Project SparkScalaCourse has platform default sourceLevel.
2017-02-02 23:54:32,934  WARN [Worker-14] - ScalaProject - Project SparkScalaCourse runs on platform default installation.
2017-02-02 23:54:33,523  WARN [Worker-14] - ScalaProject - Project SparkScalaCourse has platform default sourceLevel.
2017-02-02 23:54:33,523  WARN [Worker-14] - ScalaProject - Project SparkScalaCourse runs on platform default installation.
2017-02-02 23:54:34,135  WARN [Worker-21] - ScalaProject - Project SparkScalaCourse has platform default sourceLevel.
2017-02-02 23:54:34,135  WARN [Worker-21] - ScalaProject - Project SparkScalaCourse runs on platform default installation.
2017-02-02 23:54:34,607  WARN [org.scalaide.ui.internal.reconciliation.ScalaReconciler] - ScalaProject - Project SparkScalaCourse has platform default sourceLevel.
2017-02-02 23:54:34,608  WARN [org.scalaide.ui.internal.reconciliation.ScalaReconciler] - ScalaProject - Project SparkScalaCourse runs on platform default installation.
2017-02-16 22:16:59,840  WARN [main] - ScalaProject - Project SparkScalaCourse has platform default sourceLevel.
2017-02-16 22:16:59,842  WARN [main] - ScalaProject - Project SparkScalaCourse runs on platform default installation.
2017-02-16 22:16:59,848  WARN [main] - ScalaProject - Project SparkScalaCourse has platform default sourceLevel.
2017-02-16 22:16:59,848  WARN [main] - ScalaProject - Project SparkScalaCourse runs on platform default installation.
2017-02-16 22:16:59,861  WARN [main] - ScalaProject - Project SparkScalaCourse has platform default sourceLevel.
2017-02-16 22:16:59,861  WARN [main] - ScalaProject - Project SparkScalaCourse runs on platform default installation.
2017-02-16 22:17:06,663  WARN [Worker-7] - ScalaProject - Project ParseJSON has platform default sourceLevel.
2017-02-16 22:17:06,694  WARN [Worker-7] - ScalaProject - Project ParseJSON runs on platform default installation.
2017-02-16 22:17:06,694  WARN [Worker-7] - ScalaProject - Project ParseJSON has platform default sourceLevel.
2017-02-16 22:17:06,695  WARN [Worker-7] - ScalaProject - Project ParseJSON runs on platform default installation.
2017-02-16 22:17:06,697  WARN [Worker-7] - ScalaProject - Project sbtProject has platform default sourceLevel.
2017-02-16 22:17:06,697  WARN [Worker-7] - ScalaProject - Project sbtProject runs on platform default installation.
2017-02-16 22:17:06,786  WARN [Worker-7] - ScalaProject - Project test_ScalaProj01 has platform default sourceLevel.
2017-02-16 22:17:06,786  WARN [Worker-7] - ScalaProject - Project test_ScalaProj01 runs on platform default installation.
2017-02-16 22:17:06,834  WARN [Worker-4] - ScalaProject - Project SparkScalaCourse has platform default sourceLevel.
2017-02-16 22:17:06,834  WARN [Worker-4] - ScalaProject - Project SparkScalaCourse runs on platform default installation.
2017-02-16 22:17:06,899  WARN [Worker-4] - ScalaProject - Project SparkScalaCourse has platform default sourceLevel.
2017-02-16 22:17:06,899  WARN [Worker-4] - ScalaProject - Project SparkScalaCourse runs on platform default installation.
2017-02-16 22:17:08,416 ERROR [Text Viewer Hover Presenter] - IScalaPresentationCompiler$ - Ignoring InterruptException
2017-02-16 22:17:08,760  WARN [Worker-4] - ScalaProject - Project sbtProject has platform default sourceLevel.
2017-02-16 22:17:08,760  WARN [Worker-4] - ScalaProject - Project sbtProject runs on platform default installation.
2017-02-16 22:17:08,778  WARN [Worker-4] - ScalaProject - Project sbtProject has platform default sourceLevel.
2017-02-16 22:17:08,778  WARN [Worker-4] - ScalaProject - Project sbtProject runs on platform default installation.
2017-02-16 22:17:08,817 ERROR [Text Viewer Hover Presenter] - IScalaPresentationCompiler$ - Ignoring InterruptException
2017-02-16 22:17:08,829 ERROR [Text Viewer Hover Presenter] - IScalaPresentationCompiler$ - Ignoring InterruptException
2017-02-16 22:17:08,833 ERROR [Text Viewer Hover Presenter] - IScalaPresentationCompiler$ - Ignoring InterruptException
2017-02-16 22:17:46,106  WARN [main] - ScalaProject - Project ParseJSON has platform default sourceLevel.
2017-02-16 22:17:46,106  WARN [main] - ScalaProject - Project ParseJSON runs on platform default installation.
2017-02-16 22:59:27,929  WARN [main] - ScalaProject - Project SparkScalaCourse has platform default sourceLevel.
2017-02-16 22:59:27,929  WARN [main] - ScalaProject - Project SparkScalaCourse runs on platform default installation.
2017-02-16 23:10:13,879  WARN [main] - ScalaProject - Project test_ScalaProj01 has platform default sourceLevel.
2017-02-16 23:10:13,880  WARN [main] - ScalaProject - Project test_ScalaProj01 runs on platform default installation.
2017-02-16 23:11:10,193  WARN [main] - ScalaProject - Project test_ScalaProj01 has platform default sourceLevel.
2017-02-16 23:11:10,194  WARN [main] - ScalaProject - Project test_ScalaProj01 runs on platform default installation.
2017-02-16 23:11:11,104  WARN [org.scalaide.ui.internal.reconciliation.ScalaReconciler] - ImplicitHighlightingPresenter - Timeout while waiting for `askLoadedTyped` during semantic highlighting.
2017-02-16 23:11:11,258  WARN [Worker-17] - ScalaProject - Project test_ScalaProj01 has platform default sourceLevel.
2017-02-16 23:11:11,259  WARN [Worker-17] - ScalaProject - Project test_ScalaProj01 runs on platform default installation.
2017-02-16 23:11:11,275  WARN [Worker-17] - ScalaProject - Project test_ScalaProj01 has platform default sourceLevel.
2017-02-16 23:11:11,275  WARN [Worker-17] - ScalaProject - Project test_ScalaProj01 runs on platform default installation.
2017-02-16 23:34:34,969  WARN [Worker-24] - ScalaProject - Project test_ScalaProj01 has platform default sourceLevel.
2017-02-16 23:34:34,969  WARN [Worker-24] - ScalaProject - Project test_ScalaProj01 runs on platform default installation.
2017-02-16 23:37:54,002  WARN [main] - ScalaProject - Project sbtProject has platform default sourceLevel.
2017-02-16 23:37:54,002  WARN [main] - ScalaProject - Project sbtProject runs on platform default installation.
2017-02-16 23:51:25,521  WARN [Worker-34] - ScalaProject - Project test_ScalaProj01 has platform default sourceLevel.
2017-02-16 23:51:25,522  WARN [Worker-34] - ScalaProject - Project test_ScalaProj01 runs on platform default installation.
2017-02-18 18:36:04,479  WARN [main] - ScalaProject - Project SparkScalaCourse has platform default sourceLevel.
2017-02-18 18:36:04,481  WARN [main] - ScalaProject - Project SparkScalaCourse runs on platform default installation.
2017-02-18 18:36:04,489  WARN [main] - ScalaProject - Project SparkScalaCourse has platform default sourceLevel.
2017-02-18 18:36:04,489  WARN [main] - ScalaProject - Project SparkScalaCourse runs on platform default installation.
2017-02-18 18:36:04,502  WARN [main] - ScalaProject - Project SparkScalaCourse has platform default sourceLevel.
2017-02-18 18:36:04,502  WARN [main] - ScalaProject - Project SparkScalaCourse runs on platform default installation.
2017-02-18 18:36:11,670  WARN [main] - ScalaProject - Project ParseJSON has platform default sourceLevel.
2017-02-18 18:36:11,670  WARN [main] - ScalaProject - Project ParseJSON runs on platform default installation.
2017-02-18 18:36:11,671  WARN [main] - ScalaProject - Project ParseJSON has platform default sourceLevel.
2017-02-18 18:36:11,672  WARN [main] - ScalaProject - Project ParseJSON runs on platform default installation.
2017-02-18 18:36:14,893  WARN [Worker-1] - ScalaProject - Project sbtProject has platform default sourceLevel.
2017-02-18 18:36:14,895  WARN [Worker-1] - ScalaProject - Project sbtProject runs on platform default installation.
2017-02-18 18:36:14,947  WARN [Worker-1] - ScalaProject - Project test_ScalaProj01 has platform default sourceLevel.
2017-02-18 18:36:14,948  WARN [Worker-1] - ScalaProject - Project test_ScalaProj01 runs on platform default installation.
2017-02-18 18:37:18,110  WARN [main] - ScalaProject - Project test_ScalaProj01 has platform default sourceLevel.
2017-02-18 18:37:18,110  WARN [main] - ScalaProject - Project test_ScalaProj01 runs on platform default installation.
2017-02-18 18:42:28,581  WARN [main] - ScalaProject - Project test_ScalaProj01 has platform default sourceLevel.
2017-02-18 18:42:28,582  WARN [main] - ScalaProject - Project test_ScalaProj01 runs on platform default installation.
2017-02-18 18:42:29,825  WARN [org.scalaide.ui.internal.reconciliation.ScalaReconciler] - ImplicitHighlightingPresenter - Timeout while waiting for `askLoadedTyped` during semantic highlighting.
2017-02-18 18:42:29,890  WARN [Worker-5] - ScalaProject - Project test_ScalaProj01 has platform default sourceLevel.
2017-02-18 18:42:29,890  WARN [Worker-5] - ScalaProject - Project test_ScalaProj01 runs on platform default installation.
2017-02-18 18:42:29,986  WARN [Worker-5] - ScalaProject - Project test_ScalaProj01 has platform default sourceLevel.
2017-02-18 18:42:29,986  WARN [Worker-5] - ScalaProject - Project test_ScalaProj01 runs on platform default installation.
2017-02-18 18:59:21,317  WARN [Worker-20] - ScalaProject - Project test_ScalaProj01 has platform default sourceLevel.
2017-02-18 18:59:21,317  WARN [Worker-20] - ScalaProject - Project test_ScalaProj01 runs on platform default installation.
2017-02-18 19:01:21,470  WARN [Worker-21] - ScalaProject - Project test_ScalaProj01 has platform default sourceLevel.
2017-02-18 19:01:21,471  WARN [Worker-21] - ScalaProject - Project test_ScalaProj01 runs on platform default installation.
2017-02-18 19:03:39,427 ERROR [Text Viewer Hover Presenter] - IScalaPresentationCompiler$ - Ignoring InterruptException
2017-02-18 19:03:42,885  WARN [Worker-14] - ScalaProject - Project test_ScalaProj01 has platform default sourceLevel.
2017-02-18 19:03:42,885  WARN [Worker-14] - ScalaProject - Project test_ScalaProj01 runs on platform default installation.
2017-02-18 19:05:05,543  WARN [Worker-14] - ScalaProject - Project test_ScalaProj01 has platform default sourceLevel.
2017-02-18 19:05:05,543  WARN [Worker-14] - ScalaProject - Project test_ScalaProj01 runs on platform default installation.
2017-02-18 19:07:35,738  WARN [Worker-23] - ScalaProject - Project test_ScalaProj01 has platform default sourceLevel.
2017-02-18 19:07:35,738  WARN [Worker-23] - ScalaProject - Project test_ScalaProj01 runs on platform default installation.
2017-02-18 19:12:18,058  WARN [Worker-14] - ScalaProject - Project test_ScalaProj01 has platform default sourceLevel.
2017-02-18 19:12:18,059  WARN [Worker-14] - ScalaProject - Project test_ScalaProj01 runs on platform default installation.
2017-02-18 19:12:54,719  WARN [Worker-29] - ScalaProject - Project test_ScalaProj01 has platform default sourceLevel.
2017-02-18 19:12:54,720  WARN [Worker-29] - ScalaProject - Project test_ScalaProj01 runs on platform default installation.
2017-02-18 19:13:33,015  WARN [Worker-30] - ScalaProject - Project test_ScalaProj01 has platform default sourceLevel.
2017-02-18 19:13:33,015  WARN [Worker-30] - ScalaProject - Project test_ScalaProj01 runs on platform default installation.
2017-02-18 19:15:09,053  WARN [Worker-29] - ScalaProject - Project test_ScalaProj01 has platform default sourceLevel.
2017-02-18 19:15:09,053  WARN [Worker-29] - ScalaProject - Project test_ScalaProj01 runs on platform default installation.
2017-02-18 19:18:47,442  WARN [Worker-35] - ScalaProject - Project test_ScalaProj01 has platform default sourceLevel.
2017-02-18 19:18:47,442  WARN [Worker-35] - ScalaProject - Project test_ScalaProj01 runs on platform default installation.
2017-02-18 19:19:32,263  WARN [Worker-39] - ScalaProject - Project test_ScalaProj01 has platform default sourceLevel.
2017-02-18 19:19:32,263  WARN [Worker-39] - ScalaProject - Project test_ScalaProj01 runs on platform default installation.
2017-02-19 11:57:40,535  WARN [Worker-46] - ScalaProject - Project test_ScalaProj01 has platform default sourceLevel.
2017-02-19 11:57:40,535  WARN [Worker-46] - ScalaProject - Project test_ScalaProj01 runs on platform default installation.
2017-02-19 11:58:21,855  WARN [Worker-46] - ScalaProject - Project test_ScalaProj01 has platform default sourceLevel.
2017-02-19 11:58:21,855  WARN [Worker-46] - ScalaProject - Project test_ScalaProj01 runs on platform default installation.
2017-02-19 11:59:00,871  WARN [Worker-46] - ScalaProject - Project ParseJSON has platform default sourceLevel.
2017-02-19 11:59:00,871  WARN [Worker-46] - ScalaProject - Project ParseJSON runs on platform default installation.
2017-02-19 11:59:00,878  WARN [Worker-46] - ScalaProject - Project ParseJSON has platform default sourceLevel.
2017-02-19 11:59:00,878  WARN [Worker-46] - ScalaProject - Project ParseJSON runs on platform default installation.
2017-02-19 11:59:01,334  WARN [org.scalaide.ui.internal.reconciliation.ScalaReconciler] - ScalaProject - Project SparkScalaCourse has platform default sourceLevel.
2017-02-19 11:59:01,334  WARN [org.scalaide.ui.internal.reconciliation.ScalaReconciler] - ScalaProject - Project SparkScalaCourse runs on platform default installation.
2017-02-19 11:59:01,491  WARN [org.scalaide.ui.internal.reconciliation.ScalaReconciler] - ScalaProject - Project test_ScalaProj01 has platform default sourceLevel.
2017-02-19 11:59:01,491  WARN [org.scalaide.ui.internal.reconciliation.ScalaReconciler] - ScalaProject - Project test_ScalaProj01 runs on platform default installation.
2017-02-19 11:59:03,070  WARN [Worker-46] - ScalaProject - Project SparkScalaCourse has platform default sourceLevel.
2017-02-19 11:59:03,070  WARN [Worker-46] - ScalaProject - Project SparkScalaCourse runs on platform default installation.
2017-02-19 11:59:03,076  WARN [Worker-46] - ScalaProject - Project SparkScalaCourse has platform default sourceLevel.
2017-02-19 11:59:03,076  WARN [Worker-46] - ScalaProject - Project SparkScalaCourse runs on platform default installation.
2017-02-19 11:59:04,630  WARN [Worker-46] - ScalaProject - Project sbtProject has platform default sourceLevel.
2017-02-19 11:59:04,630  WARN [Worker-46] - ScalaProject - Project sbtProject runs on platform default installation.
2017-02-19 11:59:04,638  WARN [Worker-46] - ScalaProject - Project sbtProject has platform default sourceLevel.
2017-02-19 11:59:04,638  WARN [Worker-46] - ScalaProject - Project sbtProject runs on platform default installation.
2017-02-19 11:59:05,840  WARN [Worker-46] - ScalaProject - Project test_ScalaProj01 has platform default sourceLevel.
2017-02-19 11:59:05,841  WARN [Worker-46] - ScalaProject - Project test_ScalaProj01 runs on platform default installation.
2017-02-19 11:59:05,846  WARN [Worker-46] - ScalaProject - Project test_ScalaProj01 has platform default sourceLevel.
2017-02-19 11:59:05,846  WARN [Worker-46] - ScalaProject - Project test_ScalaProj01 runs on platform default installation.
2017-02-19 12:02:33,443  WARN [Worker-50] - ScalaProject - Project test_ScalaProj01 has platform default sourceLevel.
2017-02-19 12:02:33,444  WARN [Worker-50] - ScalaProject - Project test_ScalaProj01 runs on platform default installation.
2017-02-19 12:20:02,187  WARN [Worker-59] - ScalaProject - Project test_ScalaProj01 has platform default sourceLevel.
2017-02-19 12:20:02,188  WARN [Worker-59] - ScalaProject - Project test_ScalaProj01 runs on platform default installation.
2017-02-19 12:21:24,008  WARN [Worker-51] - ScalaProject - Project test_ScalaProj01 has platform default sourceLevel.
2017-02-19 12:21:24,009  WARN [Worker-51] - ScalaProject - Project test_ScalaProj01 runs on platform default installation.
2017-02-19 12:21:26,264  WARN [Worker-51] - ScalaProject - Project test_ScalaProj01 has platform default sourceLevel.
2017-02-19 12:21:26,264  WARN [Worker-51] - ScalaProject - Project test_ScalaProj01 runs on platform default installation.
2017-02-19 12:21:26,330  WARN [Worker-60] - ScalaProject - Project test_ScalaProj01 has platform default sourceLevel.
2017-02-19 12:21:26,330  WARN [Worker-60] - ScalaProject - Project test_ScalaProj01 runs on platform default installation.
2017-02-19 12:21:27,108  WARN [org.scalaide.ui.internal.reconciliation.ScalaReconciler] - ImplicitHighlightingPresenter - Timeout while waiting for `askLoadedTyped` during semantic highlighting.
2017-02-19 12:21:27,154  WARN [Worker-51] - ScalaProject - Project test_ScalaProj01 has platform default sourceLevel.
2017-02-19 12:21:27,154  WARN [Worker-51] - ScalaProject - Project test_ScalaProj01 runs on platform default installation.
2017-02-19 12:23:44,904  WARN [Worker-66] - ScalaProject - Project test_ScalaProj01 has platform default sourceLevel.
2017-02-19 12:23:44,904  WARN [Worker-66] - ScalaProject - Project test_ScalaProj01 runs on platform default installation.
2017-02-19 12:23:47,152  WARN [Worker-60] - ScalaProject - Project test_ScalaProj01 has platform default sourceLevel.
2017-02-19 12:23:47,153  WARN [Worker-60] - ScalaProject - Project test_ScalaProj01 runs on platform default installation.
2017-02-19 12:24:22,399  WARN [Worker-51] - ScalaProject - Project test_ScalaProj01 has platform default sourceLevel.
2017-02-19 12:24:22,399  WARN [Worker-51] - ScalaProject - Project test_ScalaProj01 runs on platform default installation.
2017-02-19 12:32:48,768  WARN [Worker-73] - ScalaProject - Project test_ScalaProj01 has platform default sourceLevel.
2017-02-19 12:32:48,768  WARN [Worker-73] - ScalaProject - Project test_ScalaProj01 runs on platform default installation.
2017-02-19 12:33:41,654  WARN [Worker-75] - ScalaProject - Project test_ScalaProj01 has platform default sourceLevel.
2017-02-19 12:33:41,655  WARN [Worker-75] - ScalaProject - Project test_ScalaProj01 runs on platform default installation.
2017-02-20 00:27:14,366  WARN [Worker-81] - ScalaProject - Project test_ScalaProj01 has platform default sourceLevel.
2017-02-20 00:27:14,370  WARN [Worker-81] - ScalaProject - Project test_ScalaProj01 runs on platform default installation.
2017-02-20 00:28:19,628  WARN [Worker-79] - ScalaProject - Project test_ScalaProj01 has platform default sourceLevel.
2017-02-20 00:28:19,629  WARN [Worker-79] - ScalaProject - Project test_ScalaProj01 runs on platform default installation.
2017-02-20 13:54:56,440  WARN [Worker-91] - ScalaProject - Project test_ScalaProj01 has platform default sourceLevel.
2017-02-20 13:54:56,441  WARN [Worker-91] - ScalaProject - Project test_ScalaProj01 runs on platform default installation.
2017-02-20 13:55:21,750  WARN [Worker-92] - ScalaProject - Project test_ScalaProj01 has platform default sourceLevel.
2017-02-20 13:55:21,750  WARN [Worker-92] - ScalaProject - Project test_ScalaProj01 runs on platform default installation.
2017-02-20 13:56:50,476  WARN [Worker-91] - ScalaProject - Project test_ScalaProj01 has platform default sourceLevel.
2017-02-20 13:56:50,476  WARN [Worker-91] - ScalaProject - Project test_ScalaProj01 runs on platform default installation.
2017-02-20 13:58:36,374  WARN [Worker-93] - ScalaProject - Project test_ScalaProj01 has platform default sourceLevel.
2017-02-20 13:58:36,374  WARN [Worker-93] - ScalaProject - Project test_ScalaProj01 runs on platform default installation.
2017-02-20 13:59:23,037  WARN [Worker-89] - ScalaProject - Project test_ScalaProj01 has platform default sourceLevel.
2017-02-20 13:59:23,037  WARN [Worker-89] - ScalaProject - Project test_ScalaProj01 runs on platform default installation.
2017-02-20 14:00:59,575  WARN [Worker-89] - ScalaProject - Project test_ScalaProj01 has platform default sourceLevel.
2017-02-20 14:00:59,579  WARN [Worker-89] - ScalaProject - Project test_ScalaProj01 runs on platform default installation.
2017-02-20 14:07:35,378  WARN [Worker-96] - ScalaProject - Project test_ScalaProj01 has platform default sourceLevel.
2017-02-20 14:07:35,378  WARN [Worker-96] - ScalaProject - Project test_ScalaProj01 runs on platform default installation.
2017-02-20 14:11:57,194  WARN [org.scalaide.ui.internal.reconciliation.ScalaReconciler] - TraverserImpl$ - Skipping annotation, position length = 0, position offset = 669
2017-02-20 14:11:58,874  WARN [org.scalaide.ui.internal.reconciliation.ScalaReconciler] - TraverserImpl$ - Skipping annotation, position length = 0, position offset = 671
2017-02-20 14:12:00,093  WARN [org.scalaide.ui.internal.reconciliation.ScalaReconciler] - TraverserImpl$ - Skipping annotation, position length = 0, position offset = 672
2017-02-20 14:12:02,737  WARN [org.scalaide.ui.internal.reconciliation.ScalaReconciler] - TraverserImpl$ - Skipping annotation, position length = 0, position offset = 670
2017-02-20 14:12:30,052  WARN [Worker-99] - ScalaProject - Project test_ScalaProj01 has platform default sourceLevel.
2017-02-20 14:12:30,052  WARN [Worker-99] - ScalaProject - Project test_ScalaProj01 runs on platform default installation.
2017-02-20 17:39:37,794  WARN [Worker-105] - ScalaProject - Project test_ScalaProj01 has platform default sourceLevel.
2017-02-20 17:39:37,794  WARN [Worker-105] - ScalaProject - Project test_ScalaProj01 runs on platform default installation.
2017-02-20 17:56:50,305  WARN [Worker-112] - ScalaProject - Project test_ScalaProj01 has platform default sourceLevel.
2017-02-20 17:56:50,305  WARN [Worker-112] - ScalaProject - Project test_ScalaProj01 runs on platform default installation.
2017-02-20 17:58:59,329  WARN [org.scalaide.ui.internal.reconciliation.ScalaReconciler] - TraverserImpl$ - Skipping annotation, position length = 0, position offset = 663
2017-02-20 17:59:01,447  WARN [org.scalaide.ui.internal.reconciliation.ScalaReconciler] - TraverserImpl$ - Skipping annotation, position length = 0, position offset = 665
2017-02-20 17:59:03,601  WARN [org.scalaide.ui.internal.reconciliation.ScalaReconciler] - TraverserImpl$ - Skipping annotation, position length = 0, position offset = 666
2017-02-20 17:59:03,601  WARN [org.scalaide.ui.internal.reconciliation.ScalaReconciler] - TraverserImpl$ - Skipping annotation, position length = 0, position offset = 666
2017-02-20 17:59:05,203  WARN [org.scalaide.ui.internal.reconciliation.ScalaReconciler] - TraverserImpl$ - Skipping annotation, position length = 0, position offset = 668
2017-02-20 17:59:35,244  WARN [Worker-119] - ScalaProject - Project test_ScalaProj01 has platform default sourceLevel.
2017-02-20 17:59:35,244  WARN [Worker-119] - ScalaProject - Project test_ScalaProj01 runs on platform default installation.
2017-02-20 18:00:06,815  WARN [Worker-119] - ScalaProject - Project test_ScalaProj01 has platform default sourceLevel.
2017-02-20 18:00:06,815  WARN [Worker-119] - ScalaProject - Project test_ScalaProj01 runs on platform default installation.
2017-02-20 18:00:47,886  WARN [org.scalaide.ui.internal.reconciliation.ScalaReconciler] - TraverserImpl$ - Skipping annotation, position length = 0, position offset = 658
2017-02-20 18:00:55,304  WARN [Worker-116] - ScalaProject - Project test_ScalaProj01 has platform default sourceLevel.
2017-02-20 18:00:55,304  WARN [Worker-116] - ScalaProject - Project test_ScalaProj01 runs on platform default installation.
2017-02-20 18:03:18,643  WARN [main] - ScalaProject - Project ParseJSON has platform default sourceLevel.
2017-02-20 18:03:18,643  WARN [main] - ScalaProject - Project ParseJSON runs on platform default installation.
2017-02-20 18:03:30,382  WARN [main] - ScalaProject - Project sbtProject has platform default sourceLevel.
2017-02-20 18:03:30,382  WARN [main] - ScalaProject - Project sbtProject runs on platform default installation.
2017-02-20 18:05:30,697  WARN [Worker-121] - ScalaProject - Project test_ScalaProj01 has platform default sourceLevel.
2017-02-20 18:05:30,697  WARN [Worker-121] - ScalaProject - Project test_ScalaProj01 runs on platform default installation.
2017-02-20 18:06:23,276  WARN [Worker-125] - ScalaProject - Project test_ScalaProj01 has platform default sourceLevel.
2017-02-20 18:06:23,276  WARN [Worker-125] - ScalaProject - Project test_ScalaProj01 runs on platform default installation.
2017-02-20 18:13:56,649  WARN [org.scalaide.ui.internal.reconciliation.ScalaReconciler] - CallByNameParamAtCreationPresenter - Timeout while waiting for `askLoadedTyped` during semantic highlighting.
2017-02-20 18:16:21,015  WARN [Worker-130] - ScalaProject - Project test_ScalaProj01 has platform default sourceLevel.
2017-02-20 18:16:21,015  WARN [Worker-130] - ScalaProject - Project test_ScalaProj01 runs on platform default installation.
2017-02-20 18:17:56,008  WARN [Worker-128] - ScalaProject - Project test_ScalaProj01 has platform default sourceLevel.
2017-02-20 18:17:56,008  WARN [Worker-128] - ScalaProject - Project test_ScalaProj01 runs on platform default installation.
2017-02-21 21:05:03,199  WARN [Worker-141] - ScalaProject - Project test_ScalaProj01 has platform default sourceLevel.
2017-02-21 21:05:03,201  WARN [Worker-141] - ScalaProject - Project test_ScalaProj01 runs on platform default installation.
2017-02-21 21:05:07,389 ERROR [Text Viewer Hover Presenter] - IScalaPresentationCompiler$ - Ignoring InterruptException
2017-02-21 21:05:07,389 ERROR [Text Viewer Hover Presenter] - IScalaPresentationCompiler$ - Ignoring InterruptException
2017-02-21 21:05:07,389 ERROR [Text Viewer Hover Presenter] - IScalaPresentationCompiler$ - Ignoring InterruptException
2017-02-21 21:07:11,633  WARN [Worker-137] - ScalaProject - Project test_ScalaProj01 has platform default sourceLevel.
2017-02-21 21:07:11,633  WARN [Worker-137] - ScalaProject - Project test_ScalaProj01 runs on platform default installation.
2017-02-21 21:10:40,086  WARN [main] - ScalaProject - Project sbtProject has platform default sourceLevel.
2017-02-21 21:10:40,086  WARN [main] - ScalaProject - Project sbtProject runs on platform default installation.
2017-02-21 21:11:04,744  WARN [main] - ScalaProject - Project ParseJSON has platform default sourceLevel.
2017-02-21 21:11:04,744  WARN [main] - ScalaProject - Project ParseJSON runs on platform default installation.
2017-02-21 21:12:07,702  WARN [main] - ScalaProject - Project test_ScalaProj01 has platform default sourceLevel.
2017-02-21 21:12:07,702  WARN [main] - ScalaProject - Project test_ScalaProj01 runs on platform default installation.
2017-02-21 21:12:08,039  WARN [Worker-144] - ScalaProject - Project test_ScalaProj01 has platform default sourceLevel.
2017-02-21 21:12:08,039  WARN [Worker-144] - ScalaProject - Project test_ScalaProj01 runs on platform default installation.
2017-02-21 21:15:19,978  WARN [Worker-137] - ScalaProject - Project test_ScalaProj01 has platform default sourceLevel.
2017-02-21 21:15:19,978  WARN [Worker-137] - ScalaProject - Project test_ScalaProj01 runs on platform default installation.
2017-02-21 21:16:31,119  WARN [main] - ScalaProject - Project ParseJSON has platform default sourceLevel.
2017-02-21 21:16:31,119  WARN [main] - ScalaProject - Project ParseJSON runs on platform default installation.
2017-02-21 21:24:49,702  WARN [Worker-151] - ScalaProject - Project test_ScalaProj01 has platform default sourceLevel.
2017-02-21 21:24:49,702  WARN [Worker-151] - ScalaProject - Project test_ScalaProj01 runs on platform default installation.
2017-02-21 22:18:12,477  WARN [Worker-164] - ScalaProject - Project test_ScalaProj01 has platform default sourceLevel.
2017-02-21 22:18:12,481  WARN [Worker-164] - ScalaProject - Project test_ScalaProj01 runs on platform default installation.
2017-02-21 22:18:12,784  WARN [Java indexing] - ScalaProject - Project test_ScalaProj01 has platform default sourceLevel.
2017-02-21 22:18:12,784  WARN [Java indexing] - ScalaProject - Project test_ScalaProj01 runs on platform default installation.
2017-02-21 22:18:13,169  WARN [Worker-168] - ScalaProject - Project test_ScalaProj01 has platform default sourceLevel.
2017-02-21 22:18:13,169  WARN [Worker-168] - ScalaProject - Project test_ScalaProj01 runs on platform default installation.
2017-02-21 22:18:13,923  WARN [org.scalaide.ui.internal.reconciliation.ScalaReconciler] - ImplicitHighlightingPresenter - Timeout while waiting for `askLoadedTyped` during semantic highlighting.
2017-02-21 22:27:35,340  WARN [Worker-173] - ScalaProject - Project test_ScalaProj01 has platform default sourceLevel.
2017-02-21 22:27:35,340  WARN [Worker-173] - ScalaProject - Project test_ScalaProj01 runs on platform default installation.
2017-02-21 22:28:39,814  WARN [Worker-173] - ScalaProject - Project test_ScalaProj01 has platform default sourceLevel.
2017-02-21 22:28:39,814  WARN [Worker-173] - ScalaProject - Project test_ScalaProj01 runs on platform default installation.
2017-02-21 22:28:58,507  WARN [Worker-174] - ScalaProject - Project test_ScalaProj01 has platform default sourceLevel.
2017-02-21 22:28:58,507  WARN [Worker-174] - ScalaProject - Project test_ScalaProj01 runs on platform default installation.
2017-02-21 22:31:32,972  WARN [org.scalaide.ui.internal.reconciliation.ScalaReconciler] - TraverserImpl$ - Skipping annotation, position length = 0, position offset = 480
2017-02-21 22:31:32,986  WARN [org.scalaide.ui.internal.reconciliation.ScalaReconciler] - TraverserImpl$ - Skipping annotation, position length = 0, position offset = 480
2017-02-21 22:31:35,076  WARN [org.scalaide.ui.internal.reconciliation.ScalaReconciler] - TraverserImpl$ - Skipping annotation, position length = 0, position offset = 485
2017-02-21 22:31:35,076  WARN [org.scalaide.ui.internal.reconciliation.ScalaReconciler] - TraverserImpl$ - Skipping annotation, position length = 0, position offset = 485
2017-02-21 22:34:18,029  WARN [Worker-173] - ScalaProject - Project test_ScalaProj01 has platform default sourceLevel.
2017-02-21 22:34:18,029  WARN [Worker-173] - ScalaProject - Project test_ScalaProj01 runs on platform default installation.
2017-02-21 22:36:06,835  WARN [Worker-180] - ScalaProject - Project test_ScalaProj01 has platform default sourceLevel.
2017-02-21 22:36:06,835  WARN [Worker-180] - ScalaProject - Project test_ScalaProj01 runs on platform default installation.
2017-02-21 22:38:02,369  WARN [Worker-183] - ScalaProject - Project test_ScalaProj01 has platform default sourceLevel.
2017-02-21 22:38:02,369  WARN [Worker-183] - ScalaProject - Project test_ScalaProj01 runs on platform default installation.
2017-02-21 22:41:02,223  WARN [Worker-183] - ScalaProject - Project test_ScalaProj01 has platform default sourceLevel.
2017-02-21 22:41:02,223  WARN [Worker-183] - ScalaProject - Project test_ScalaProj01 runs on platform default installation.
2017-02-21 22:47:14,912  WARN [Worker-190] - ScalaProject - Project test_ScalaProj01 has platform default sourceLevel.
2017-02-21 22:47:14,912  WARN [Worker-190] - ScalaProject - Project test_ScalaProj01 runs on platform default installation.
2017-02-21 22:47:46,264  WARN [Worker-180] - ScalaProject - Project test_ScalaProj01 has platform default sourceLevel.
2017-02-21 22:47:46,264  WARN [Worker-180] - ScalaProject - Project test_ScalaProj01 runs on platform default installation.
2017-02-21 22:48:52,292  WARN [Worker-188] - ScalaProject - Project test_ScalaProj01 has platform default sourceLevel.
2017-02-21 22:48:52,292  WARN [Worker-188] - ScalaProject - Project test_ScalaProj01 runs on platform default installation.
2017-02-21 23:16:16,863  WARN [Worker-196] - ScalaProject - Project test_ScalaProj01 has platform default sourceLevel.
2017-02-21 23:16:16,863  WARN [Worker-196] - ScalaProject - Project test_ScalaProj01 runs on platform default installation.
2017-02-21 23:23:46,640  WARN [Worker-197] - ScalaProject - Project test_ScalaProj01 has platform default sourceLevel.
2017-02-21 23:23:46,640  WARN [Worker-197] - ScalaProject - Project test_ScalaProj01 runs on platform default installation.
2017-02-22 00:25:40,804  WARN [org.scalaide.ui.internal.reconciliation.ScalaReconciler] - ImplicitHighlightingPresenter - Timeout while waiting for `askLoadedTyped` during semantic highlighting.
2017-02-22 00:26:31,352  WARN [org.scalaide.ui.internal.reconciliation.ScalaReconciler] - TraverserImpl$ - Skipping annotation, position length = 0, position offset = 328
2017-02-22 00:26:31,861  WARN [org.scalaide.ui.internal.reconciliation.ScalaReconciler] - TraverserImpl$ - Skipping annotation, position length = 0, position offset = 328
2017-02-22 00:26:32,368  WARN [org.scalaide.ui.internal.reconciliation.ScalaReconciler] - TraverserImpl$ - Skipping annotation, position length = 0, position offset = 328
2017-02-22 00:26:33,916  WARN [org.scalaide.ui.internal.reconciliation.ScalaReconciler] - TraverserImpl$ - Skipping annotation, position length = 0, position offset = 330
2017-02-22 00:26:34,993  WARN [org.scalaide.ui.internal.reconciliation.ScalaReconciler] - TraverserImpl$ - Skipping annotation, position length = 0, position offset = 331
2017-02-22 00:26:35,505  WARN [org.scalaide.ui.internal.reconciliation.ScalaReconciler] - TraverserImpl$ - Skipping annotation, position length = 0, position offset = 331
2017-02-22 00:26:36,017  WARN [org.scalaide.ui.internal.reconciliation.ScalaReconciler] - TraverserImpl$ - Skipping annotation, position length = 0, position offset = 331
2017-02-22 00:26:37,030  WARN [org.scalaide.ui.internal.reconciliation.ScalaReconciler] - TraverserImpl$ - Skipping annotation, position length = 0, position offset = 331
2017-02-22 00:27:51,331  WARN [Worker-207] - ScalaProject - Project test_ScalaProj01 has platform default sourceLevel.
2017-02-22 00:27:51,332  WARN [Worker-207] - ScalaProject - Project test_ScalaProj01 runs on platform default installation.
2017-02-22 00:30:52,788  WARN [Worker-200] - ScalaProject - Project test_ScalaProj01 has platform default sourceLevel.
2017-02-22 00:30:52,788  WARN [Worker-200] - ScalaProject - Project test_ScalaProj01 runs on platform default installation.
2017-02-22 00:32:21,177  WARN [Worker-214] - ScalaProject - Project test_ScalaProj01 has platform default sourceLevel.
2017-02-22 00:32:21,177  WARN [Worker-214] - ScalaProject - Project test_ScalaProj01 runs on platform default installation.
2017-09-03 13:37:02,762  WARN [main] - ScalaProject - Project test_ScalaProj01 has platform default sourceLevel.
2017-09-03 13:37:02,764  WARN [main] - ScalaProject - Project test_ScalaProj01 runs on platform default installation.
2017-09-03 13:37:02,770  WARN [main] - ScalaProject - Project test_ScalaProj01 has platform default sourceLevel.
2017-09-03 13:37:02,771  WARN [main] - ScalaProject - Project test_ScalaProj01 runs on platform default installation.
2017-09-03 13:37:02,784  WARN [main] - ScalaProject - Project test_ScalaProj01 has platform default sourceLevel.
2017-09-03 13:37:02,784  WARN [main] - ScalaProject - Project test_ScalaProj01 runs on platform default installation.
2017-09-03 13:37:10,112  WARN [main] - ScalaProject - Project ParseJSON has platform default sourceLevel.
2017-09-03 13:37:10,112  WARN [main] - ScalaProject - Project ParseJSON runs on platform default installation.
2017-09-03 13:37:10,112  WARN [main] - ScalaProject - Project ParseJSON has platform default sourceLevel.
2017-09-03 13:37:10,112  WARN [main] - ScalaProject - Project ParseJSON runs on platform default installation.
2017-09-03 13:37:10,112  WARN [main] - ScalaProject - Project SparkScalaCourse has platform default sourceLevel.
2017-09-03 13:37:10,112  WARN [main] - ScalaProject - Project SparkScalaCourse runs on platform default installation.
2017-09-03 13:37:10,127  WARN [main] - ScalaProject - Project SparkScalaCourse has platform default sourceLevel.
2017-09-03 13:37:10,127  WARN [main] - ScalaProject - Project SparkScalaCourse runs on platform default installation.
2017-09-03 13:37:10,127  WARN [main] - ScalaProject - Project sbtProject has platform default sourceLevel.
2017-09-03 13:37:10,127  WARN [main] - ScalaProject - Project sbtProject runs on platform default installation.
2017-09-03 13:37:43,366  WARN [main] - ScalaProject - Project ParseJSON has platform default sourceLevel.
2017-09-03 13:37:43,366  WARN [main] - ScalaProject - Project ParseJSON runs on platform default installation.
2017-09-08 08:59:29,831 ERROR [main] - System.err - log4j:WARN No appenders could be found for logger (org.eclipse.m2e.core.internal.project.registry.ProjectRegistryRefreshJob).
2017-09-08 08:59:29,836 ERROR [main] - System.err - log4j:WARN Please initialize the log4j system properly.
